
SISTEMAS02	Mon Aug 11 11:40:00 2014
	ib_util init failed, UDFs can't be used - looks like firebird misconfigured
	
	C:\Users\Ing. Alfredo Hdz C\Dropbox\conexion\conexion\bin\Debug\bin/ib_util.dll library has not been found
	C:\Users\Ing. Alfredo Hdz C\Dropbox\conexion\conexion\bin\Debug\ib_util.dll library has not been found
	ib_util.dll library has not been found


SISTEMAS02	Mon Aug 11 11:50:56 2014
	ib_util init failed, UDFs can't be used - looks like firebird misconfigured
	
	C:\Users\Ing. Alfredo Hdz C\Dropbox\conexion\conexion\bin\Debug\bin/ib_util.dll library has not been found
	C:\Users\Ing. Alfredo Hdz C\Dropbox\conexion\conexion\bin\Debug\ib_util.dll library has not been found
	ib_util.dll library has not been found


SISTEMAS02	Mon Aug 11 11:52:11 2014
	ib_util init failed, UDFs can't be used - looks like firebird misconfigured
	
	C:\Users\Ing. Alfredo Hdz C\Dropbox\conexion\conexion\bin\Debug\bin/ib_util.dll library has not been found
	C:\Users\Ing. Alfredo Hdz C\Dropbox\conexion\conexion\bin\Debug\ib_util.dll library has not been found
	ib_util.dll library has not been found


SISTEMAS02	Mon Aug 11 11:57:04 2014
	ib_util init failed, UDFs can't be used - looks like firebird misconfigured
	
	C:\Users\Ing. Alfredo Hdz C\Dropbox\conexion\conexion\bin\Debug\bin/ib_util.dll library has not been found
	C:\Users\Ing. Alfredo Hdz C\Dropbox\conexion\conexion\bin\Debug\ib_util.dll library has not been found
	ib_util.dll library has not been found


SISTEMAS02	Mon Aug 11 11:58:35 2014
	ib_util init failed, UDFs can't be used - looks like firebird misconfigured
	
	C:\Users\Ing. Alfredo Hdz C\Dropbox\conexion\conexion\bin\Debug\bin/ib_util.dll library has not been found
	C:\Users\Ing. Alfredo Hdz C\Dropbox\conexion\conexion\bin\Debug\ib_util.dll library has not been found
	ib_util.dll library has not been found


SISTEMAS02	Mon Aug 11 12:37:02 2014
	ib_util init failed, UDFs can't be used - looks like firebird misconfigured
	
	C:\Users\Ing. Alfredo Hdz C\Dropbox\conexion\conexion\bin\Debug\bin/ib_util.dll library has not been found
	C:\Users\Ing. Alfredo Hdz C\Dropbox\conexion\conexion\bin\Debug\ib_util.dll library has not been found
	ib_util.dll library has not been found


SISTEMAS02	Mon Aug 11 13:14:14 2014
	ib_util init failed, UDFs can't be used - looks like firebird misconfigured
	
	C:\Users\Ing. Alfredo Hdz C\Dropbox\conexion\conexion\bin\Debug\bin/ib_util.dll library has not been found
	C:\Users\Ing. Alfredo Hdz C\Dropbox\conexion\conexion\bin\Debug\ib_util.dll library has not been found
	ib_util.dll library has not been found


SISTEMAS02	Mon Aug 11 13:16:49 2014
	ib_util init failed, UDFs can't be used - looks like firebird misconfigured
	
	C:\Users\Ing. Alfredo Hdz C\Dropbox\conexion\conexion\bin\Debug\bin/ib_util.dll library has not been found
	C:\Users\Ing. Alfredo Hdz C\Dropbox\conexion\conexion\bin\Debug\ib_util.dll library has not been found
	ib_util.dll library has not been found


SISTEMAS02	Mon Aug 11 13:17:31 2014
	ib_util init failed, UDFs can't be used - looks like firebird misconfigured
	
	C:\Users\Ing. Alfredo Hdz C\Dropbox\conexion\conexion\bin\Debug\bin/ib_util.dll library has not been found
	C:\Users\Ing. Alfredo Hdz C\Dropbox\conexion\conexion\bin\Debug\ib_util.dll library has not been found
	ib_util.dll library has not been found


SISTEMAS02	Mon Aug 11 13:18:33 2014
	ib_util init failed, UDFs can't be used - looks like firebird misconfigured
	
	C:\Users\Ing. Alfredo Hdz C\Dropbox\conexion\conexion\bin\Debug\bin/ib_util.dll library has not been found
	C:\Users\Ing. Alfredo Hdz C\Dropbox\conexion\conexion\bin\Debug\ib_util.dll library has not been found
	ib_util.dll library has not been found


SISTEMAS02	Mon Aug 11 13:30:32 2014
	ib_util init failed, UDFs can't be used - looks like firebird misconfigured
	
	C:\Users\Ing. Alfredo Hdz C\Dropbox\conexion\conexion\bin\Debug\bin/ib_util.dll library has not been found
	C:\Users\Ing. Alfredo Hdz C\Dropbox\conexion\conexion\bin\Debug\ib_util.dll library has not been found
	ib_util.dll library has not been found


SISTEMAS02	Mon Aug 11 13:31:11 2014
	ib_util init failed, UDFs can't be used - looks like firebird misconfigured
	
	C:\Users\Ing. Alfredo Hdz C\Dropbox\conexion\conexion\bin\Debug\bin/ib_util.dll library has not been found
	C:\Users\Ing. Alfredo Hdz C\Dropbox\conexion\conexion\bin\Debug\ib_util.dll library has not been found
	ib_util.dll library has not been found


SISTEMAS02	Mon Aug 11 13:31:36 2014
	ib_util init failed, UDFs can't be used - looks like firebird misconfigured
	
	C:\Users\Ing. Alfredo Hdz C\Dropbox\conexion\conexion\bin\Debug\bin/ib_util.dll library has not been found
	C:\Users\Ing. Alfredo Hdz C\Dropbox\conexion\conexion\bin\Debug\ib_util.dll library has not been found
	ib_util.dll library has not been found


SISTEMAS02	Mon Aug 11 14:00:46 2014
	ib_util init failed, UDFs can't be used - looks like firebird misconfigured
	
	C:\Users\Ing. Alfredo Hdz C\Dropbox\conexion\conexion\bin\Debug\bin/ib_util.dll library has not been found
	C:\Users\Ing. Alfredo Hdz C\Dropbox\conexion\conexion\bin\Debug\ib_util.dll library has not been found
	ib_util.dll library has not been found


SISTEMAS02	Mon Aug 11 14:01:21 2014
	ib_util init failed, UDFs can't be used - looks like firebird misconfigured
	
	C:\Users\Ing. Alfredo Hdz C\Dropbox\conexion\conexion\bin\Debug\bin/ib_util.dll library has not been found
	C:\Users\Ing. Alfredo Hdz C\Dropbox\conexion\conexion\bin\Debug\ib_util.dll library has not been found
	ib_util.dll library has not been found


SISTEMAS02	Mon Aug 11 14:04:31 2014
	ib_util init failed, UDFs can't be used - looks like firebird misconfigured
	
	C:\Users\Ing. Alfredo Hdz C\Dropbox\conexion\conexion\bin\Debug\bin/ib_util.dll library has not been found
	C:\Users\Ing. Alfredo Hdz C\Dropbox\conexion\conexion\bin\Debug\ib_util.dll library has not been found
	ib_util.dll library has not been found


SISTEMAS02	Mon Aug 11 14:16:44 2014
	ib_util init failed, UDFs can't be used - looks like firebird misconfigured
	
	C:\Users\Ing. Alfredo Hdz C\Dropbox\conexion\conexion\bin\Debug\bin/ib_util.dll library has not been found
	C:\Users\Ing. Alfredo Hdz C\Dropbox\conexion\conexion\bin\Debug\ib_util.dll library has not been found
	ib_util.dll library has not been found


SISTEMAS02	Mon Aug 11 14:21:55 2014
	ib_util init failed, UDFs can't be used - looks like firebird misconfigured
	
	C:\Users\Ing. Alfredo Hdz C\Dropbox\conexion\conexion\bin\Debug\bin/ib_util.dll library has not been found
	C:\Users\Ing. Alfredo Hdz C\Dropbox\conexion\conexion\bin\Debug\ib_util.dll library has not been found
	ib_util.dll library has not been found


SISTEMAS02	Mon Aug 11 14:22:07 2014
	ib_util init failed, UDFs can't be used - looks like firebird misconfigured
	
	C:\Users\Ing. Alfredo Hdz C\Dropbox\conexion\conexion\bin\Debug\bin/ib_util.dll library has not been found
	C:\Users\Ing. Alfredo Hdz C\Dropbox\conexion\conexion\bin\Debug\ib_util.dll library has not been found
	ib_util.dll library has not been found


SISTEMAS02	Mon Aug 11 14:40:22 2014
	ib_util init failed, UDFs can't be used - looks like firebird misconfigured
	
	C:\Users\Ing. Alfredo Hdz C\Dropbox\conexion\conexion\bin\Debug\bin/ib_util.dll library has not been found
	C:\Users\Ing. Alfredo Hdz C\Dropbox\conexion\conexion\bin\Debug\ib_util.dll library has not been found
	ib_util.dll library has not been found


SISTEMAS02	Mon Aug 11 14:46:28 2014
	ib_util init failed, UDFs can't be used - looks like firebird misconfigured
	
	C:\Users\Ing. Alfredo Hdz C\Dropbox\conexion\conexion\bin\Debug\bin/ib_util.dll library has not been found
	C:\Users\Ing. Alfredo Hdz C\Dropbox\conexion\conexion\bin\Debug\ib_util.dll library has not been found
	ib_util.dll library has not been found


SISTEMAS02	Mon Aug 11 14:48:53 2014
	ib_util init failed, UDFs can't be used - looks like firebird misconfigured
	
	C:\Users\Ing. Alfredo Hdz C\Dropbox\conexion\conexion\bin\Debug\bin/ib_util.dll library has not been found
	C:\Users\Ing. Alfredo Hdz C\Dropbox\conexion\conexion\bin\Debug\ib_util.dll library has not been found
	ib_util.dll library has not been found


SISTEMAS02	Mon Aug 11 15:16:11 2014
	ib_util init failed, UDFs can't be used - looks like firebird misconfigured
	
	C:\Users\Ing. Alfredo Hdz C\Dropbox\conexion\conexion\bin\Debug\bin/ib_util.dll library has not been found
	C:\Users\Ing. Alfredo Hdz C\Dropbox\conexion\conexion\bin\Debug\ib_util.dll library has not been found
	ib_util.dll library has not been found


SISTEMAS02	Mon Aug 11 15:19:57 2014
	ib_util init failed, UDFs can't be used - looks like firebird misconfigured
	
	C:\Users\Ing. Alfredo Hdz C\Dropbox\conexion\conexion\bin\Debug\bin/ib_util.dll library has not been found
	C:\Users\Ing. Alfredo Hdz C\Dropbox\conexion\conexion\bin\Debug\ib_util.dll library has not been found
	ib_util.dll library has not been found


SISTEMAS02	Mon Aug 11 15:23:26 2014
	ib_util init failed, UDFs can't be used - looks like firebird misconfigured
	
	C:\Users\Ing. Alfredo Hdz C\Dropbox\conexion\conexion\bin\Debug\bin/ib_util.dll library has not been found
	C:\Users\Ing. Alfredo Hdz C\Dropbox\conexion\conexion\bin\Debug\ib_util.dll library has not been found
	ib_util.dll library has not been found


SISTEMAS02	Mon Aug 11 15:25:52 2014
	ib_util init failed, UDFs can't be used - looks like firebird misconfigured
	
	C:\Users\Ing. Alfredo Hdz C\Dropbox\conexion\conexion\bin\Debug\bin/ib_util.dll library has not been found
	C:\Users\Ing. Alfredo Hdz C\Dropbox\conexion\conexion\bin\Debug\ib_util.dll library has not been found
	ib_util.dll library has not been found


SISTEMAS02	Mon Aug 11 15:58:08 2014
	ib_util init failed, UDFs can't be used - looks like firebird misconfigured
	
	C:\Users\Ing. Alfredo Hdz C\Dropbox\conexion\conexion\bin\Debug\bin/ib_util.dll library has not been found
	C:\Users\Ing. Alfredo Hdz C\Dropbox\conexion\conexion\bin\Debug\ib_util.dll library has not been found
	ib_util.dll library has not been found


SISTEMAS02	Mon Aug 11 16:07:40 2014
	ib_util init failed, UDFs can't be used - looks like firebird misconfigured
	
	C:\Users\Ing. Alfredo Hdz C\Dropbox\conexion\conexion\bin\Debug\bin/ib_util.dll library has not been found
	C:\Users\Ing. Alfredo Hdz C\Dropbox\conexion\conexion\bin\Debug\ib_util.dll library has not been found
	ib_util.dll library has not been found


SISTEMAS02	Mon Aug 11 16:08:04 2014
	ib_util init failed, UDFs can't be used - looks like firebird misconfigured
	
	C:\Users\Ing. Alfredo Hdz C\Dropbox\conexion\conexion\bin\Debug\bin/ib_util.dll library has not been found
	C:\Users\Ing. Alfredo Hdz C\Dropbox\conexion\conexion\bin\Debug\ib_util.dll library has not been found
	ib_util.dll library has not been found


SISTEMAS02	Mon Aug 11 16:08:20 2014
	ib_util init failed, UDFs can't be used - looks like firebird misconfigured
	
	C:\Users\Ing. Alfredo Hdz C\Dropbox\conexion\conexion\bin\Debug\bin/ib_util.dll library has not been found
	C:\Users\Ing. Alfredo Hdz C\Dropbox\conexion\conexion\bin\Debug\ib_util.dll library has not been found
	ib_util.dll library has not been found


RED2	Mon Aug 11 19:56:05 2014
	ib_util init failed, UDFs can't be used - looks like firebird misconfigured
	
	D:\New folder\Dropbox\conexion\conexion\bin\Debug\bin/ib_util.dll library has not been found
	D:\New folder\Dropbox\conexion\conexion\bin\Debug\ib_util.dll library has not been found
	ib_util.dll library has not been found


RED2	Mon Aug 11 19:57:38 2014
	ib_util init failed, UDFs can't be used - looks like firebird misconfigured
	
	D:\New folder\Dropbox\conexion\conexion\bin\Debug\bin/ib_util.dll library has not been found
	D:\New folder\Dropbox\conexion\conexion\bin\Debug\ib_util.dll library has not been found
	ib_util.dll library has not been found


RED2	Mon Aug 11 19:58:24 2014
	ib_util init failed, UDFs can't be used - looks like firebird misconfigured
	
	D:\New folder\Dropbox\conexion\conexion\bin\Debug\bin/ib_util.dll library has not been found
	D:\New folder\Dropbox\conexion\conexion\bin\Debug\ib_util.dll library has not been found
	ib_util.dll library has not been found


RED2	Mon Aug 11 19:58:46 2014
	ib_util init failed, UDFs can't be used - looks like firebird misconfigured
	
	D:\New folder\Dropbox\conexion\conexion\bin\Debug\bin/ib_util.dll library has not been found
	D:\New folder\Dropbox\conexion\conexion\bin\Debug\ib_util.dll library has not been found
	ib_util.dll library has not been found


RED2	Mon Aug 11 19:59:38 2014
	ib_util init failed, UDFs can't be used - looks like firebird misconfigured
	
	D:\New folder\Dropbox\conexion\conexion\bin\Debug\bin/ib_util.dll library has not been found
	D:\New folder\Dropbox\conexion\conexion\bin\Debug\ib_util.dll library has not been found
	ib_util.dll library has not been found


RED2	Mon Aug 11 19:59:59 2014
	ib_util init failed, UDFs can't be used - looks like firebird misconfigured
	
	D:\New folder\Dropbox\conexion\conexion\bin\Debug\bin/ib_util.dll library has not been found
	D:\New folder\Dropbox\conexion\conexion\bin\Debug\ib_util.dll library has not been found
	ib_util.dll library has not been found


RED2	Mon Aug 11 20:02:07 2014
	ib_util init failed, UDFs can't be used - looks like firebird misconfigured
	
	D:\New folder\Dropbox\conexion\conexion\bin\Debug\bin/ib_util.dll library has not been found
	D:\New folder\Dropbox\conexion\conexion\bin\Debug\ib_util.dll library has not been found
	ib_util.dll library has not been found


RED2	Mon Aug 11 20:03:03 2014
	ib_util init failed, UDFs can't be used - looks like firebird misconfigured
	
	D:\New folder\Dropbox\conexion\conexion\bin\Debug\bin/ib_util.dll library has not been found
	D:\New folder\Dropbox\conexion\conexion\bin\Debug\ib_util.dll library has not been found
	ib_util.dll library has not been found


RED2	Thu Aug 14 21:12:51 2014
	ib_util init failed, UDFs can't be used - looks like firebird misconfigured
	
	D:\New folder\Dropbox\conexion\conexion\bin\Debug\bin/ib_util.dll library has not been found
	D:\New folder\Dropbox\conexion\conexion\bin\Debug\ib_util.dll library has not been found
	ib_util.dll library has not been found


RED2	Thu Aug 14 21:13:58 2014
	ib_util init failed, UDFs can't be used - looks like firebird misconfigured
	
	D:\New folder\Dropbox\conexion\conexion\bin\Debug\bin/ib_util.dll library has not been found
	D:\New folder\Dropbox\conexion\conexion\bin\Debug\ib_util.dll library has not been found
	ib_util.dll library has not been found


RED2	Thu Aug 14 21:14:35 2014
	ib_util init failed, UDFs can't be used - looks like firebird misconfigured
	
	D:\New folder\Dropbox\conexion\conexion\bin\Debug\bin/ib_util.dll library has not been found
	D:\New folder\Dropbox\conexion\conexion\bin\Debug\ib_util.dll library has not been found
	ib_util.dll library has not been found


RED2	Thu Aug 14 21:14:50 2014
	ib_util init failed, UDFs can't be used - looks like firebird misconfigured
	
	D:\New folder\Dropbox\conexion\conexion\bin\Debug\bin/ib_util.dll library has not been found
	D:\New folder\Dropbox\conexion\conexion\bin\Debug\ib_util.dll library has not been found
	ib_util.dll library has not been found


RED2	Thu Aug 14 21:16:01 2014
	ib_util init failed, UDFs can't be used - looks like firebird misconfigured
	
	D:\New folder\Dropbox\conexion\conexion\bin\Debug\bin/ib_util.dll library has not been found
	D:\New folder\Dropbox\conexion\conexion\bin\Debug\ib_util.dll library has not been found
	ib_util.dll library has not been found


RED2	Thu Aug 14 21:16:39 2014
	ib_util init failed, UDFs can't be used - looks like firebird misconfigured
	
	D:\New folder\Dropbox\conexion\conexion\bin\Debug\bin/ib_util.dll library has not been found
	D:\New folder\Dropbox\conexion\conexion\bin\Debug\ib_util.dll library has not been found
	ib_util.dll library has not been found


RED2	Thu Aug 14 21:18:36 2014
	ib_util init failed, UDFs can't be used - looks like firebird misconfigured
	
	D:\New folder\Dropbox\conexion\conexion\bin\Debug\bin/ib_util.dll library has not been found
	D:\New folder\Dropbox\conexion\conexion\bin\Debug\ib_util.dll library has not been found
	ib_util.dll library has not been found


RED2	Thu Aug 14 21:21:17 2014
	ib_util init failed, UDFs can't be used - looks like firebird misconfigured
	
	D:\New folder\Dropbox\conexion\conexion\bin\Debug\bin/ib_util.dll library has not been found
	D:\New folder\Dropbox\conexion\conexion\bin\Debug\ib_util.dll library has not been found
	ib_util.dll library has not been found


RED2	Thu Aug 14 21:25:30 2014
	ib_util init failed, UDFs can't be used - looks like firebird misconfigured
	
	D:\New folder\Dropbox\conexion\conexion\bin\Debug\bin/ib_util.dll library has not been found
	D:\New folder\Dropbox\conexion\conexion\bin\Debug\ib_util.dll library has not been found
	ib_util.dll library has not been found


RED2	Thu Aug 14 21:56:46 2014
	ib_util init failed, UDFs can't be used - looks like firebird misconfigured
	
	D:\New folder\Dropbox\conexion\conexion\bin\Debug\bin/ib_util.dll library has not been found
	D:\New folder\Dropbox\conexion\conexion\bin\Debug\ib_util.dll library has not been found
	ib_util.dll library has not been found


RED2	Thu Aug 14 21:58:45 2014
	ib_util init failed, UDFs can't be used - looks like firebird misconfigured
	
	D:\New folder\Dropbox\conexion\conexion\bin\Debug\bin/ib_util.dll library has not been found
	D:\New folder\Dropbox\conexion\conexion\bin\Debug\ib_util.dll library has not been found
	ib_util.dll library has not been found


RED2	Thu Aug 14 21:59:16 2014
	ib_util init failed, UDFs can't be used - looks like firebird misconfigured
	
	D:\New folder\Dropbox\conexion\conexion\bin\Debug\bin/ib_util.dll library has not been found
	D:\New folder\Dropbox\conexion\conexion\bin\Debug\ib_util.dll library has not been found
	ib_util.dll library has not been found


RED2	Thu Aug 14 22:44:09 2014
	ib_util init failed, UDFs can't be used - looks like firebird misconfigured
	
	D:\New folder\Dropbox\conexion\conexion\bin\Debug\bin/ib_util.dll library has not been found
	D:\New folder\Dropbox\conexion\conexion\bin\Debug\ib_util.dll library has not been found
	ib_util.dll library has not been found


RED2	Thu Aug 14 22:50:11 2014
	ib_util init failed, UDFs can't be used - looks like firebird misconfigured
	
	D:\New folder\Dropbox\conexion\conexion\bin\Debug\bin/ib_util.dll library has not been found
	D:\New folder\Dropbox\conexion\conexion\bin\Debug\ib_util.dll library has not been found
	ib_util.dll library has not been found


RED2	Thu Aug 14 22:59:30 2014
	ib_util init failed, UDFs can't be used - looks like firebird misconfigured
	
	D:\New folder\Dropbox\conexion\conexion\bin\Debug\bin/ib_util.dll library has not been found
	D:\New folder\Dropbox\conexion\conexion\bin\Debug\ib_util.dll library has not been found
	ib_util.dll library has not been found


RED2	Thu Sep 18 22:22:12 2014
	ib_util init failed, UDFs can't be used - looks like firebird misconfigured
	
	D:\New folder\Dropbox\conexion\conexion\bin\Debug\bin/ib_util.dll library has not been found
	D:\New folder\Dropbox\conexion\conexion\bin\Debug\ib_util.dll library has not been found
	ib_util.dll library has not been found


RED2	Thu Sep 18 22:33:07 2014
	ib_util init failed, UDFs can't be used - looks like firebird misconfigured
	
	D:\New folder\Dropbox\conexion\conexion\bin\Debug\bin/ib_util.dll library has not been found
	D:\New folder\Dropbox\conexion\conexion\bin\Debug\ib_util.dll library has not been found
	ib_util.dll library has not been found


RED2	Thu Sep 18 22:35:09 2014
	ib_util init failed, UDFs can't be used - looks like firebird misconfigured
	
	D:\New folder\Dropbox\conexion\conexion\bin\Debug\bin/ib_util.dll library has not been found
	D:\New folder\Dropbox\conexion\conexion\bin\Debug\ib_util.dll library has not been found
	ib_util.dll library has not been found


RED2	Thu Sep 18 22:40:12 2014
	ib_util init failed, UDFs can't be used - looks like firebird misconfigured
	
	D:\New folder\Dropbox\conexion\conexion\bin\Debug\bin/ib_util.dll library has not been found
	D:\New folder\Dropbox\conexion\conexion\bin\Debug\ib_util.dll library has not been found
	ib_util.dll library has not been found


RED2	Thu Sep 18 22:50:02 2014
	ib_util init failed, UDFs can't be used - looks like firebird misconfigured
	
	D:\New folder\Dropbox\conexion\conexion\bin\Debug\bin/ib_util.dll library has not been found
	D:\New folder\Dropbox\conexion\conexion\bin\Debug\ib_util.dll library has not been found
	ib_util.dll library has not been found


RED2	Sun Sep 21 11:47:25 2014
	ib_util init failed, UDFs can't be used - looks like firebird misconfigured
	
	D:\New folder\Dropbox\conexion\conexion\bin\Debug\bin/ib_util.dll library has not been found
	D:\New folder\Dropbox\conexion\conexion\bin\Debug\ib_util.dll library has not been found
	ib_util.dll library has not been found


RED2	Sun Sep 21 22:12:31 2014
	ib_util init failed, UDFs can't be used - looks like firebird misconfigured
	
	D:\New folder\Dropbox\conexion\conexion\bin\Debug\bin/ib_util.dll library has not been found
	D:\New folder\Dropbox\conexion\conexion\bin\Debug\ib_util.dll library has not been found
	ib_util.dll library has not been found


RED2	Sun Sep 21 22:15:08 2014
	ib_util init failed, UDFs can't be used - looks like firebird misconfigured
	
	D:\New folder\Dropbox\conexion\conexion\bin\Debug\bin/ib_util.dll library has not been found
	D:\New folder\Dropbox\conexion\conexion\bin\Debug\ib_util.dll library has not been found
	ib_util.dll library has not been found


RED2	Sun Sep 21 22:17:09 2014
	ib_util init failed, UDFs can't be used - looks like firebird misconfigured
	
	D:\New folder\Dropbox\conexion\conexion\bin\Debug\bin/ib_util.dll library has not been found
	D:\New folder\Dropbox\conexion\conexion\bin\Debug\ib_util.dll library has not been found
	ib_util.dll library has not been found


RED2	Sun Sep 21 22:18:49 2014
	ib_util init failed, UDFs can't be used - looks like firebird misconfigured
	
	D:\New folder\Dropbox\conexion\conexion\bin\Debug\bin/ib_util.dll library has not been found
	D:\New folder\Dropbox\conexion\conexion\bin\Debug\ib_util.dll library has not been found
	ib_util.dll library has not been found


RED2	Sun Sep 21 22:19:11 2014
	ib_util init failed, UDFs can't be used - looks like firebird misconfigured
	
	D:\New folder\Dropbox\conexion\conexion\bin\Debug\bin/ib_util.dll library has not been found
	D:\New folder\Dropbox\conexion\conexion\bin\Debug\ib_util.dll library has not been found
	ib_util.dll library has not been found


RED2	Sun Sep 21 22:21:01 2014
	ib_util init failed, UDFs can't be used - looks like firebird misconfigured
	
	D:\New folder\Dropbox\conexion\conexion\bin\Debug\bin/ib_util.dll library has not been found
	D:\New folder\Dropbox\conexion\conexion\bin\Debug\ib_util.dll library has not been found
	ib_util.dll library has not been found


RED2	Sun Sep 21 22:24:52 2014
	ib_util init failed, UDFs can't be used - looks like firebird misconfigured
	
	D:\New folder\Dropbox\conexion\conexion\bin\Debug\bin/ib_util.dll library has not been found
	D:\New folder\Dropbox\conexion\conexion\bin\Debug\ib_util.dll library has not been found
	ib_util.dll library has not been found


RED2	Sun Sep 21 22:26:41 2014
	ib_util init failed, UDFs can't be used - looks like firebird misconfigured
	
	D:\New folder\Dropbox\conexion\conexion\bin\Debug\bin/ib_util.dll library has not been found
	D:\New folder\Dropbox\conexion\conexion\bin\Debug\ib_util.dll library has not been found
	ib_util.dll library has not been found


RED2	Sun Sep 21 22:29:49 2014
	ib_util init failed, UDFs can't be used - looks like firebird misconfigured
	
	D:\New folder\Dropbox\conexion\conexion\bin\Debug\bin/ib_util.dll library has not been found
	D:\New folder\Dropbox\conexion\conexion\bin\Debug\ib_util.dll library has not been found
	ib_util.dll library has not been found


RED2	Sun Sep 21 22:31:39 2014
	ib_util init failed, UDFs can't be used - looks like firebird misconfigured
	
	D:\New folder\Dropbox\conexion\conexion\bin\Debug\bin/ib_util.dll library has not been found
	D:\New folder\Dropbox\conexion\conexion\bin\Debug\ib_util.dll library has not been found
	ib_util.dll library has not been found


RED2	Sun Sep 21 22:34:55 2014
	ib_util init failed, UDFs can't be used - looks like firebird misconfigured
	
	D:\New folder\Dropbox\conexion\conexion\bin\Debug\bin/ib_util.dll library has not been found
	D:\New folder\Dropbox\conexion\conexion\bin\Debug\ib_util.dll library has not been found
	ib_util.dll library has not been found


RED2	Sun Sep 21 22:36:47 2014
	ib_util init failed, UDFs can't be used - looks like firebird misconfigured
	
	D:\New folder\Dropbox\conexion\conexion\bin\Debug\bin/ib_util.dll library has not been found
	D:\New folder\Dropbox\conexion\conexion\bin\Debug\ib_util.dll library has not been found
	ib_util.dll library has not been found


RED2	Sun Sep 21 23:12:37 2014
	ib_util init failed, UDFs can't be used - looks like firebird misconfigured
	
	D:\New folder\Dropbox\conexion\conexion\bin\Debug\bin/ib_util.dll library has not been found
	D:\New folder\Dropbox\conexion\conexion\bin\Debug\ib_util.dll library has not been found
	ib_util.dll library has not been found


RED2	Sun Sep 21 23:17:31 2014
	ib_util init failed, UDFs can't be used - looks like firebird misconfigured
	
	D:\New folder\Dropbox\conexion\conexion\bin\Debug\bin/ib_util.dll library has not been found
	D:\New folder\Dropbox\conexion\conexion\bin\Debug\ib_util.dll library has not been found
	ib_util.dll library has not been found


RED2	Sun Sep 21 23:21:29 2014
	ib_util init failed, UDFs can't be used - looks like firebird misconfigured
	
	D:\New folder\Dropbox\conexion\conexion\bin\Debug\bin/ib_util.dll library has not been found
	D:\New folder\Dropbox\conexion\conexion\bin\Debug\ib_util.dll library has not been found
	ib_util.dll library has not been found


RED2	Sun Sep 21 23:25:07 2014
	ib_util init failed, UDFs can't be used - looks like firebird misconfigured
	
	D:\New folder\Dropbox\conexion\conexion\bin\Debug\bin/ib_util.dll library has not been found
	D:\New folder\Dropbox\conexion\conexion\bin\Debug\ib_util.dll library has not been found
	ib_util.dll library has not been found


RED2	Sun Sep 21 23:27:22 2014
	ib_util init failed, UDFs can't be used - looks like firebird misconfigured
	
	D:\New folder\Dropbox\conexion\conexion\bin\Debug\bin/ib_util.dll library has not been found
	D:\New folder\Dropbox\conexion\conexion\bin\Debug\ib_util.dll library has not been found
	ib_util.dll library has not been found


RED2	Sun Sep 21 23:30:42 2014
	ib_util init failed, UDFs can't be used - looks like firebird misconfigured
	
	D:\New folder\Dropbox\conexion\conexion\bin\Debug\bin/ib_util.dll library has not been found
	D:\New folder\Dropbox\conexion\conexion\bin\Debug\ib_util.dll library has not been found
	ib_util.dll library has not been found


RED2	Sun Sep 21 23:38:07 2014
	ib_util init failed, UDFs can't be used - looks like firebird misconfigured
	
	D:\New folder\Dropbox\conexion\conexion\bin\Debug\bin/ib_util.dll library has not been found
	D:\New folder\Dropbox\conexion\conexion\bin\Debug\ib_util.dll library has not been found
	ib_util.dll library has not been found


RED2	Sun Sep 21 23:47:50 2014
	ib_util init failed, UDFs can't be used - looks like firebird misconfigured
	
	D:\New folder\Dropbox\conexion\conexion\bin\Debug\bin/ib_util.dll library has not been found
	D:\New folder\Dropbox\conexion\conexion\bin\Debug\ib_util.dll library has not been found
	ib_util.dll library has not been found


RED2	Sun Sep 21 23:49:24 2014
	ib_util init failed, UDFs can't be used - looks like firebird misconfigured
	
	D:\New folder\Dropbox\conexion\conexion\bin\Debug\bin/ib_util.dll library has not been found
	D:\New folder\Dropbox\conexion\conexion\bin\Debug\ib_util.dll library has not been found
	ib_util.dll library has not been found


RED2	Sun Sep 21 23:53:09 2014
	ib_util init failed, UDFs can't be used - looks like firebird misconfigured
	
	D:\New folder\Dropbox\conexion\conexion\bin\Debug\bin/ib_util.dll library has not been found
	D:\New folder\Dropbox\conexion\conexion\bin\Debug\ib_util.dll library has not been found
	ib_util.dll library has not been found


RED2	Sun Sep 21 23:54:00 2014
	ib_util init failed, UDFs can't be used - looks like firebird misconfigured
	
	D:\New folder\Dropbox\conexion\conexion\bin\Debug\bin/ib_util.dll library has not been found
	D:\New folder\Dropbox\conexion\conexion\bin\Debug\ib_util.dll library has not been found
	ib_util.dll library has not been found


RED2	Sun Sep 21 23:56:43 2014
	ib_util init failed, UDFs can't be used - looks like firebird misconfigured
	
	D:\New folder\Dropbox\conexion\conexion\bin\Debug\bin/ib_util.dll library has not been found
	D:\New folder\Dropbox\conexion\conexion\bin\Debug\ib_util.dll library has not been found
	ib_util.dll library has not been found


RED2	Sun Sep 21 23:57:54 2014
	ib_util init failed, UDFs can't be used - looks like firebird misconfigured
	
	D:\New folder\Dropbox\conexion\conexion\bin\Debug\bin/ib_util.dll library has not been found
	D:\New folder\Dropbox\conexion\conexion\bin\Debug\ib_util.dll library has not been found
	ib_util.dll library has not been found


RED2	Sun Sep 21 23:59:53 2014
	ib_util init failed, UDFs can't be used - looks like firebird misconfigured
	
	D:\New folder\Dropbox\conexion\conexion\bin\Debug\bin/ib_util.dll library has not been found
	D:\New folder\Dropbox\conexion\conexion\bin\Debug\ib_util.dll library has not been found
	ib_util.dll library has not been found


RED2	Mon Sep 22 00:03:39 2014
	ib_util init failed, UDFs can't be used - looks like firebird misconfigured
	
	D:\New folder\Dropbox\conexion\conexion\bin\Debug\bin/ib_util.dll library has not been found
	D:\New folder\Dropbox\conexion\conexion\bin\Debug\ib_util.dll library has not been found
	ib_util.dll library has not been found


RED2	Mon Sep 22 00:06:59 2014
	ib_util init failed, UDFs can't be used - looks like firebird misconfigured
	
	D:\New folder\Dropbox\conexion\conexion\bin\Debug\bin/ib_util.dll library has not been found
	D:\New folder\Dropbox\conexion\conexion\bin\Debug\ib_util.dll library has not been found
	ib_util.dll library has not been found


RED2	Mon Sep 22 00:13:45 2014
	ib_util init failed, UDFs can't be used - looks like firebird misconfigured
	
	D:\New folder\Dropbox\conexion\conexion\bin\Debug\bin/ib_util.dll library has not been found
	D:\New folder\Dropbox\conexion\conexion\bin\Debug\ib_util.dll library has not been found
	ib_util.dll library has not been found


RED2	Mon Sep 22 00:19:22 2014
	ib_util init failed, UDFs can't be used - looks like firebird misconfigured
	
	D:\New folder\Dropbox\conexion\conexion\bin\Debug\bin/ib_util.dll library has not been found
	D:\New folder\Dropbox\conexion\conexion\bin\Debug\ib_util.dll library has not been found
	ib_util.dll library has not been found


RED2	Mon Sep 22 00:22:49 2014
	ib_util init failed, UDFs can't be used - looks like firebird misconfigured
	
	D:\New folder\Dropbox\conexion\conexion\bin\Debug\bin/ib_util.dll library has not been found
	D:\New folder\Dropbox\conexion\conexion\bin\Debug\ib_util.dll library has not been found
	ib_util.dll library has not been found


RED2	Mon Sep 22 00:24:25 2014
	ib_util init failed, UDFs can't be used - looks like firebird misconfigured
	
	D:\New folder\Dropbox\conexion\conexion\bin\Debug\bin/ib_util.dll library has not been found
	D:\New folder\Dropbox\conexion\conexion\bin\Debug\ib_util.dll library has not been found
	ib_util.dll library has not been found


RED2	Mon Sep 22 00:31:34 2014
	ib_util init failed, UDFs can't be used - looks like firebird misconfigured
	
	D:\New folder\Dropbox\conexion\conexion\bin\Debug\bin/ib_util.dll library has not been found
	D:\New folder\Dropbox\conexion\conexion\bin\Debug\ib_util.dll library has not been found
	ib_util.dll library has not been found


RED2	Mon Sep 22 00:36:39 2014
	ib_util init failed, UDFs can't be used - looks like firebird misconfigured
	
	D:\New folder\Dropbox\conexion\conexion\bin\Debug\bin/ib_util.dll library has not been found
	D:\New folder\Dropbox\conexion\conexion\bin\Debug\ib_util.dll library has not been found
	ib_util.dll library has not been found


RED2	Mon Sep 22 00:37:32 2014
	ib_util init failed, UDFs can't be used - looks like firebird misconfigured
	
	D:\New folder\Dropbox\conexion\conexion\bin\Debug\bin/ib_util.dll library has not been found
	D:\New folder\Dropbox\conexion\conexion\bin\Debug\ib_util.dll library has not been found
	ib_util.dll library has not been found


RED2	Mon Sep 22 00:37:58 2014
	ib_util init failed, UDFs can't be used - looks like firebird misconfigured
	
	D:\New folder\Dropbox\conexion\conexion\bin\Debug\bin/ib_util.dll library has not been found
	D:\New folder\Dropbox\conexion\conexion\bin\Debug\ib_util.dll library has not been found
	ib_util.dll library has not been found


RED2	Mon Sep 22 00:38:15 2014
	ib_util init failed, UDFs can't be used - looks like firebird misconfigured
	
	D:\New folder\Dropbox\conexion\conexion\bin\Debug\bin/ib_util.dll library has not been found
	D:\New folder\Dropbox\conexion\conexion\bin\Debug\ib_util.dll library has not been found
	ib_util.dll library has not been found


RED2	Mon Sep 22 00:39:28 2014
	ib_util init failed, UDFs can't be used - looks like firebird misconfigured
	
	D:\New folder\Dropbox\conexion\conexion\bin\Debug\bin/ib_util.dll library has not been found
	D:\New folder\Dropbox\conexion\conexion\bin\Debug\ib_util.dll library has not been found
	ib_util.dll library has not been found


RED2	Mon Sep 22 00:43:32 2014
	ib_util init failed, UDFs can't be used - looks like firebird misconfigured
	
	D:\New folder\Dropbox\conexion\conexion\bin\Debug\bin/ib_util.dll library has not been found
	D:\New folder\Dropbox\conexion\conexion\bin\Debug\ib_util.dll library has not been found
	ib_util.dll library has not been found


RED2	Mon Sep 22 00:46:34 2014
	ib_util init failed, UDFs can't be used - looks like firebird misconfigured
	
	D:\New folder\Dropbox\conexion\conexion\bin\Debug\bin/ib_util.dll library has not been found
	D:\New folder\Dropbox\conexion\conexion\bin\Debug\ib_util.dll library has not been found
	ib_util.dll library has not been found


RED2	Mon Sep 22 00:48:36 2014
	ib_util init failed, UDFs can't be used - looks like firebird misconfigured
	
	D:\New folder\Dropbox\conexion\conexion\bin\Debug\bin/ib_util.dll library has not been found
	D:\New folder\Dropbox\conexion\conexion\bin\Debug\ib_util.dll library has not been found
	ib_util.dll library has not been found


RED2	Mon Sep 22 00:51:43 2014
	ib_util init failed, UDFs can't be used - looks like firebird misconfigured
	
	D:\New folder\Dropbox\conexion\conexion\bin\Debug\bin/ib_util.dll library has not been found
	D:\New folder\Dropbox\conexion\conexion\bin\Debug\ib_util.dll library has not been found
	ib_util.dll library has not been found


RED2	Mon Sep 22 00:53:39 2014
	ib_util init failed, UDFs can't be used - looks like firebird misconfigured
	
	D:\New folder\Dropbox\conexion\conexion\bin\Debug\bin/ib_util.dll library has not been found
	D:\New folder\Dropbox\conexion\conexion\bin\Debug\ib_util.dll library has not been found
	ib_util.dll library has not been found


RED2	Mon Sep 22 00:54:38 2014
	ib_util init failed, UDFs can't be used - looks like firebird misconfigured
	
	D:\New folder\Dropbox\conexion\conexion\bin\Debug\bin/ib_util.dll library has not been found
	D:\New folder\Dropbox\conexion\conexion\bin\Debug\ib_util.dll library has not been found
	ib_util.dll library has not been found


RED2	Wed Sep 24 19:56:33 2014
	ib_util init failed, UDFs can't be used - looks like firebird misconfigured
	
	D:\New folder\Dropbox\conexion\conexion\bin\Debug\bin/ib_util.dll library has not been found
	D:\New folder\Dropbox\conexion\conexion\bin\Debug\ib_util.dll library has not been found
	ib_util.dll library has not been found


RED2	Wed Sep 24 19:56:55 2014
	ib_util init failed, UDFs can't be used - looks like firebird misconfigured
	
	D:\New folder\Dropbox\conexion\conexion\bin\Debug\bin/ib_util.dll library has not been found
	D:\New folder\Dropbox\conexion\conexion\bin\Debug\ib_util.dll library has not been found
	ib_util.dll library has not been found


RED2	Wed Sep 24 21:01:24 2014
	ib_util init failed, UDFs can't be used - looks like firebird misconfigured
	
	D:\New folder\Dropbox\conexion\conexion\bin\Debug\bin/ib_util.dll library has not been found
	D:\New folder\Dropbox\conexion\conexion\bin\Debug\ib_util.dll library has not been found
	ib_util.dll library has not been found


RED2	Wed Sep 24 21:14:16 2014
	ib_util init failed, UDFs can't be used - looks like firebird misconfigured
	
	D:\New folder\Dropbox\conexion\conexion\bin\Debug\bin/ib_util.dll library has not been found
	D:\New folder\Dropbox\conexion\conexion\bin\Debug\ib_util.dll library has not been found
	ib_util.dll library has not been found


RED2	Wed Sep 24 21:16:30 2014
	ib_util init failed, UDFs can't be used - looks like firebird misconfigured
	
	D:\New folder\Dropbox\conexion\conexion\bin\Debug\bin/ib_util.dll library has not been found
	D:\New folder\Dropbox\conexion\conexion\bin\Debug\ib_util.dll library has not been found
	ib_util.dll library has not been found


RED2	Wed Sep 24 21:19:13 2014
	ib_util init failed, UDFs can't be used - looks like firebird misconfigured
	
	D:\New folder\Dropbox\conexion\conexion\bin\Debug\bin/ib_util.dll library has not been found
	D:\New folder\Dropbox\conexion\conexion\bin\Debug\ib_util.dll library has not been found
	ib_util.dll library has not been found


RED2	Wed Sep 24 21:20:17 2014
	ib_util init failed, UDFs can't be used - looks like firebird misconfigured
	
	D:\New folder\Dropbox\conexion\conexion\bin\Debug\bin/ib_util.dll library has not been found
	D:\New folder\Dropbox\conexion\conexion\bin\Debug\ib_util.dll library has not been found
	ib_util.dll library has not been found


RED2	Wed Sep 24 21:21:58 2014
	ib_util init failed, UDFs can't be used - looks like firebird misconfigured
	
	D:\New folder\Dropbox\conexion\conexion\bin\Debug\bin/ib_util.dll library has not been found
	D:\New folder\Dropbox\conexion\conexion\bin\Debug\ib_util.dll library has not been found
	ib_util.dll library has not been found


RED2	Wed Sep 24 21:30:58 2014
	ib_util init failed, UDFs can't be used - looks like firebird misconfigured
	
	D:\New folder\Dropbox\conexion\conexion\bin\Debug\bin/ib_util.dll library has not been found
	D:\New folder\Dropbox\conexion\conexion\bin\Debug\ib_util.dll library has not been found
	ib_util.dll library has not been found


RED2	Wed Sep 24 21:33:20 2014
	ib_util init failed, UDFs can't be used - looks like firebird misconfigured
	
	D:\New folder\Dropbox\conexion\conexion\bin\Debug\bin/ib_util.dll library has not been found
	D:\New folder\Dropbox\conexion\conexion\bin\Debug\ib_util.dll library has not been found
	ib_util.dll library has not been found


RED2	Wed Sep 24 21:39:38 2014
	ib_util init failed, UDFs can't be used - looks like firebird misconfigured
	
	D:\New folder\Dropbox\conexion\conexion\bin\Debug\bin/ib_util.dll library has not been found
	D:\New folder\Dropbox\conexion\conexion\bin\Debug\ib_util.dll library has not been found
	ib_util.dll library has not been found


RED2	Wed Sep 24 21:53:19 2014
	ib_util init failed, UDFs can't be used - looks like firebird misconfigured
	
	D:\New folder\Dropbox\conexion\conexion\bin\Debug\bin/ib_util.dll library has not been found
	D:\New folder\Dropbox\conexion\conexion\bin\Debug\ib_util.dll library has not been found
	ib_util.dll library has not been found


RED2	Wed Sep 24 22:00:20 2014
	ib_util init failed, UDFs can't be used - looks like firebird misconfigured
	
	D:\New folder\Dropbox\conexion\conexion\bin\Debug\bin/ib_util.dll library has not been found
	D:\New folder\Dropbox\conexion\conexion\bin\Debug\ib_util.dll library has not been found
	ib_util.dll library has not been found


RED2	Thu Sep 25 19:38:33 2014
	ib_util init failed, UDFs can't be used - looks like firebird misconfigured
	
	D:\New folder\Dropbox\conexion\conexion\bin\Debug\bin/ib_util.dll library has not been found
	D:\New folder\Dropbox\conexion\conexion\bin\Debug\ib_util.dll library has not been found
	ib_util.dll library has not been found


RED2	Thu Sep 25 19:42:09 2014
	ib_util init failed, UDFs can't be used - looks like firebird misconfigured
	
	D:\New folder\Dropbox\conexion\conexion\bin\Debug\bin/ib_util.dll library has not been found
	D:\New folder\Dropbox\conexion\conexion\bin\Debug\ib_util.dll library has not been found
	ib_util.dll library has not been found


RED2	Thu Sep 25 19:43:21 2014
	ib_util init failed, UDFs can't be used - looks like firebird misconfigured
	
	D:\New folder\Dropbox\conexion\conexion\bin\Debug\bin/ib_util.dll library has not been found
	D:\New folder\Dropbox\conexion\conexion\bin\Debug\ib_util.dll library has not been found
	ib_util.dll library has not been found


RED2	Thu Sep 25 19:47:44 2014
	ib_util init failed, UDFs can't be used - looks like firebird misconfigured
	
	D:\New folder\Dropbox\conexion\conexion\bin\Debug\bin/ib_util.dll library has not been found
	D:\New folder\Dropbox\conexion\conexion\bin\Debug\ib_util.dll library has not been found
	ib_util.dll library has not been found


RED2	Thu Sep 25 19:49:22 2014
	ib_util init failed, UDFs can't be used - looks like firebird misconfigured
	
	D:\New folder\Dropbox\conexion\conexion\bin\Debug\bin/ib_util.dll library has not been found
	D:\New folder\Dropbox\conexion\conexion\bin\Debug\ib_util.dll library has not been found
	ib_util.dll library has not been found


RED2	Thu Sep 25 20:05:00 2014
	ib_util init failed, UDFs can't be used - looks like firebird misconfigured
	
	D:\New folder\Dropbox\conexion\conexion\bin\Debug\bin/ib_util.dll library has not been found
	D:\New folder\Dropbox\conexion\conexion\bin\Debug\ib_util.dll library has not been found
	ib_util.dll library has not been found


RED2	Thu Sep 25 20:21:48 2014
	ib_util init failed, UDFs can't be used - looks like firebird misconfigured
	
	D:\New folder\Dropbox\conexion\conexion\bin\Debug\bin/ib_util.dll library has not been found
	D:\New folder\Dropbox\conexion\conexion\bin\Debug\ib_util.dll library has not been found
	ib_util.dll library has not been found


RED2	Thu Sep 25 20:24:20 2014
	ib_util init failed, UDFs can't be used - looks like firebird misconfigured
	
	D:\New folder\Dropbox\conexion\conexion\bin\Debug\bin/ib_util.dll library has not been found
	D:\New folder\Dropbox\conexion\conexion\bin\Debug\ib_util.dll library has not been found
	ib_util.dll library has not been found


RED2	Thu Sep 25 20:26:44 2014
	ib_util init failed, UDFs can't be used - looks like firebird misconfigured
	
	D:\New folder\Dropbox\conexion\conexion\bin\Debug\bin/ib_util.dll library has not been found
	D:\New folder\Dropbox\conexion\conexion\bin\Debug\ib_util.dll library has not been found
	ib_util.dll library has not been found


RED2	Thu Sep 25 20:27:33 2014
	ib_util init failed, UDFs can't be used - looks like firebird misconfigured
	
	D:\New folder\Dropbox\conexion\conexion\bin\Debug\bin/ib_util.dll library has not been found
	D:\New folder\Dropbox\conexion\conexion\bin\Debug\ib_util.dll library has not been found
	ib_util.dll library has not been found


RED2	Thu Oct 09 21:00:31 2014
	ib_util init failed, UDFs can't be used - looks like firebird misconfigured
	
	D:\New folder\Dropbox\conexion\conexion\bin\Debug\bin/ib_util.dll library has not been found
	D:\New folder\Dropbox\conexion\conexion\bin\Debug\ib_util.dll library has not been found
	ib_util.dll library has not been found


RED2	Thu Oct 09 21:07:26 2014
	ib_util init failed, UDFs can't be used - looks like firebird misconfigured
	
	D:\New folder\Dropbox\conexion\conexion\bin\Debug\bin/ib_util.dll library has not been found
	D:\New folder\Dropbox\conexion\conexion\bin\Debug\ib_util.dll library has not been found
	ib_util.dll library has not been found


RED2	Thu Oct 09 21:11:33 2014
	ib_util init failed, UDFs can't be used - looks like firebird misconfigured
	
	D:\New folder\Dropbox\conexion\conexion\bin\Debug\bin/ib_util.dll library has not been found
	D:\New folder\Dropbox\conexion\conexion\bin\Debug\ib_util.dll library has not been found
	ib_util.dll library has not been found


RED2	Thu Oct 09 21:11:53 2014
	ib_util init failed, UDFs can't be used - looks like firebird misconfigured
	
	D:\New folder\Dropbox\conexion\conexion\bin\Debug\bin/ib_util.dll library has not been found
	D:\New folder\Dropbox\conexion\conexion\bin\Debug\ib_util.dll library has not been found
	ib_util.dll library has not been found


RED2	Thu Oct 09 21:13:02 2014
	ib_util init failed, UDFs can't be used - looks like firebird misconfigured
	
	D:\New folder\Dropbox\conexion\conexion\bin\Debug\bin/ib_util.dll library has not been found
	D:\New folder\Dropbox\conexion\conexion\bin\Debug\ib_util.dll library has not been found
	ib_util.dll library has not been found


RED2	Sat Oct 11 00:40:23 2014
	ib_util init failed, UDFs can't be used - looks like firebird misconfigured
	
	D:\New folder\Dropbox\conexion\conexion\bin\Debug\bin/ib_util.dll library has not been found
	D:\New folder\Dropbox\conexion\conexion\bin\Debug\ib_util.dll library has not been found
	ib_util.dll library has not been found


RED2	Sat Oct 11 00:44:36 2014
	ib_util init failed, UDFs can't be used - looks like firebird misconfigured
	
	D:\New folder\Dropbox\conexion\conexion\bin\Debug\bin/ib_util.dll library has not been found
	D:\New folder\Dropbox\conexion\conexion\bin\Debug\ib_util.dll library has not been found
	ib_util.dll library has not been found


RED2	Thu Oct 16 20:05:18 2014
	ib_util init failed, UDFs can't be used - looks like firebird misconfigured
	
	D:\New folder\Dropbox\conexion\conexion\bin\Debug\bin/ib_util.dll library has not been found
	D:\New folder\Dropbox\conexion\conexion\bin\Debug\ib_util.dll library has not been found
	ib_util.dll library has not been found


RED2	Thu Oct 16 20:06:59 2014
	ib_util init failed, UDFs can't be used - looks like firebird misconfigured
	
	D:\New folder\Dropbox\conexion\conexion\bin\Debug\bin/ib_util.dll library has not been found
	D:\New folder\Dropbox\conexion\conexion\bin\Debug\ib_util.dll library has not been found
	ib_util.dll library has not been found


RED2	Thu Oct 16 20:10:28 2014
	ib_util init failed, UDFs can't be used - looks like firebird misconfigured
	
	D:\New folder\Dropbox\conexion\conexion\bin\Debug\bin/ib_util.dll library has not been found
	D:\New folder\Dropbox\conexion\conexion\bin\Debug\ib_util.dll library has not been found
	ib_util.dll library has not been found


RED2	Thu Oct 16 20:25:55 2014
	ib_util init failed, UDFs can't be used - looks like firebird misconfigured
	
	D:\New folder\Dropbox\conexion\conexion\bin\Debug\bin/ib_util.dll library has not been found
	D:\New folder\Dropbox\conexion\conexion\bin\Debug\ib_util.dll library has not been found
	ib_util.dll library has not been found


RED2	Thu Oct 16 20:35:23 2014
	ib_util init failed, UDFs can't be used - looks like firebird misconfigured
	
	D:\New folder\Dropbox\conexion\conexion\bin\Debug\bin/ib_util.dll library has not been found
	D:\New folder\Dropbox\conexion\conexion\bin\Debug\ib_util.dll library has not been found
	ib_util.dll library has not been found


RED2	Thu Oct 16 20:36:14 2014
	ib_util init failed, UDFs can't be used - looks like firebird misconfigured
	
	D:\New folder\Dropbox\conexion\conexion\bin\Debug\bin/ib_util.dll library has not been found
	D:\New folder\Dropbox\conexion\conexion\bin\Debug\ib_util.dll library has not been found
	ib_util.dll library has not been found


RED2	Thu Oct 16 20:38:54 2014
	ib_util init failed, UDFs can't be used - looks like firebird misconfigured
	
	D:\New folder\Dropbox\conexion\conexion\bin\Debug\bin/ib_util.dll library has not been found
	D:\New folder\Dropbox\conexion\conexion\bin\Debug\ib_util.dll library has not been found
	ib_util.dll library has not been found


RED2	Thu Oct 16 20:42:38 2014
	ib_util init failed, UDFs can't be used - looks like firebird misconfigured
	
	D:\New folder\Dropbox\conexion\conexion\bin\Debug\bin/ib_util.dll library has not been found
	D:\New folder\Dropbox\conexion\conexion\bin\Debug\ib_util.dll library has not been found
	ib_util.dll library has not been found


RED2	Thu Oct 16 20:43:49 2014
	ib_util init failed, UDFs can't be used - looks like firebird misconfigured
	
	D:\New folder\Dropbox\conexion\conexion\bin\Debug\bin/ib_util.dll library has not been found
	D:\New folder\Dropbox\conexion\conexion\bin\Debug\ib_util.dll library has not been found
	ib_util.dll library has not been found


RED2	Thu Oct 16 20:44:55 2014
	ib_util init failed, UDFs can't be used - looks like firebird misconfigured
	
	D:\New folder\Dropbox\conexion\conexion\bin\Debug\bin/ib_util.dll library has not been found
	D:\New folder\Dropbox\conexion\conexion\bin\Debug\ib_util.dll library has not been found
	ib_util.dll library has not been found


RED2	Thu Oct 16 20:46:39 2014
	ib_util init failed, UDFs can't be used - looks like firebird misconfigured
	
	D:\New folder\Dropbox\conexion\conexion\bin\Debug\bin/ib_util.dll library has not been found
	D:\New folder\Dropbox\conexion\conexion\bin\Debug\ib_util.dll library has not been found
	ib_util.dll library has not been found


RED2	Thu Oct 16 20:47:41 2014
	ib_util init failed, UDFs can't be used - looks like firebird misconfigured
	
	D:\New folder\Dropbox\conexion\conexion\bin\Debug\bin/ib_util.dll library has not been found
	D:\New folder\Dropbox\conexion\conexion\bin\Debug\ib_util.dll library has not been found
	ib_util.dll library has not been found


RED2	Thu Oct 16 21:07:30 2014
	ib_util init failed, UDFs can't be used - looks like firebird misconfigured
	
	D:\New folder\Dropbox\conexion\conexion\bin\Debug\bin/ib_util.dll library has not been found
	D:\New folder\Dropbox\conexion\conexion\bin\Debug\ib_util.dll library has not been found
	ib_util.dll library has not been found


RED2	Thu Oct 16 21:09:25 2014
	ib_util init failed, UDFs can't be used - looks like firebird misconfigured
	
	D:\New folder\Dropbox\conexion\conexion\bin\Debug\bin/ib_util.dll library has not been found
	D:\New folder\Dropbox\conexion\conexion\bin\Debug\ib_util.dll library has not been found
	ib_util.dll library has not been found


RED2	Thu Oct 16 21:09:57 2014
	ib_util init failed, UDFs can't be used - looks like firebird misconfigured
	
	D:\New folder\Dropbox\conexion\conexion\bin\Debug\bin/ib_util.dll library has not been found
	D:\New folder\Dropbox\conexion\conexion\bin\Debug\ib_util.dll library has not been found
	ib_util.dll library has not been found


RED2	Thu Oct 16 22:20:16 2014
	ib_util init failed, UDFs can't be used - looks like firebird misconfigured
	
	D:\New folder\Dropbox\conexion\conexion\bin\Debug\bin/ib_util.dll library has not been found
	D:\New folder\Dropbox\conexion\conexion\bin\Debug\ib_util.dll library has not been found
	ib_util.dll library has not been found


RED2	Fri Oct 17 21:03:03 2014
	ib_util init failed, UDFs can't be used - looks like firebird misconfigured
	
	D:\New folder\Dropbox\conexion\conexion\bin\Debug\bin/ib_util.dll library has not been found
	D:\New folder\Dropbox\conexion\conexion\bin\Debug\ib_util.dll library has not been found
	ib_util.dll library has not been found


RED2	Fri Oct 17 21:06:33 2014
	ib_util init failed, UDFs can't be used - looks like firebird misconfigured
	
	D:\New folder\Dropbox\conexion\conexion\bin\Debug\bin/ib_util.dll library has not been found
	D:\New folder\Dropbox\conexion\conexion\bin\Debug\ib_util.dll library has not been found
	ib_util.dll library has not been found


RED2	Fri Oct 17 21:06:53 2014
	ib_util init failed, UDFs can't be used - looks like firebird misconfigured
	
	D:\New folder\Dropbox\conexion\conexion\bin\Debug\bin/ib_util.dll library has not been found
	D:\New folder\Dropbox\conexion\conexion\bin\Debug\ib_util.dll library has not been found
	ib_util.dll library has not been found


RED2	Fri Oct 17 21:09:04 2014
	ib_util init failed, UDFs can't be used - looks like firebird misconfigured
	
	D:\New folder\Dropbox\conexion\conexion\bin\Debug\bin/ib_util.dll library has not been found
	D:\New folder\Dropbox\conexion\conexion\bin\Debug\ib_util.dll library has not been found
	ib_util.dll library has not been found


RED2	Fri Oct 17 21:10:24 2014
	ib_util init failed, UDFs can't be used - looks like firebird misconfigured
	
	D:\New folder\Dropbox\conexion\conexion\bin\Debug\bin/ib_util.dll library has not been found
	D:\New folder\Dropbox\conexion\conexion\bin\Debug\ib_util.dll library has not been found
	ib_util.dll library has not been found


RED2	Fri Oct 17 21:10:49 2014
	ib_util init failed, UDFs can't be used - looks like firebird misconfigured
	
	D:\New folder\Dropbox\conexion\conexion\bin\Debug\bin/ib_util.dll library has not been found
	D:\New folder\Dropbox\conexion\conexion\bin\Debug\ib_util.dll library has not been found
	ib_util.dll library has not been found


RED2	Fri Oct 17 21:14:44 2014
	ib_util init failed, UDFs can't be used - looks like firebird misconfigured
	
	D:\New folder\Dropbox\conexion\conexion\bin\Debug\bin/ib_util.dll library has not been found
	D:\New folder\Dropbox\conexion\conexion\bin\Debug\ib_util.dll library has not been found
	ib_util.dll library has not been found


RED2	Sun Oct 19 20:57:14 2014
	ib_util init failed, UDFs can't be used - looks like firebird misconfigured
	
	D:\New folder\Dropbox\conexion\conexion\bin\Debug\bin/ib_util.dll library has not been found
	D:\New folder\Dropbox\conexion\conexion\bin\Debug\ib_util.dll library has not been found
	ib_util.dll library has not been found


RED2	Sun Oct 19 20:59:50 2014
	ib_util init failed, UDFs can't be used - looks like firebird misconfigured
	
	D:\New folder\Dropbox\conexion\conexion\bin\Debug\bin/ib_util.dll library has not been found
	D:\New folder\Dropbox\conexion\conexion\bin\Debug\ib_util.dll library has not been found
	ib_util.dll library has not been found


RED2	Sun Oct 19 21:05:28 2014
	ib_util init failed, UDFs can't be used - looks like firebird misconfigured
	
	D:\New folder\Dropbox\conexion\conexion\bin\Debug\bin/ib_util.dll library has not been found
	D:\New folder\Dropbox\conexion\conexion\bin\Debug\ib_util.dll library has not been found
	ib_util.dll library has not been found


RED2	Sun Oct 19 21:05:49 2014
	ib_util init failed, UDFs can't be used - looks like firebird misconfigured
	
	D:\New folder\Dropbox\conexion\conexion\bin\Debug\bin/ib_util.dll library has not been found
	D:\New folder\Dropbox\conexion\conexion\bin\Debug\ib_util.dll library has not been found
	ib_util.dll library has not been found


RED2	Sun Oct 19 21:08:30 2014
	ib_util init failed, UDFs can't be used - looks like firebird misconfigured
	
	D:\New folder\Dropbox\conexion\conexion\bin\Debug\bin/ib_util.dll library has not been found
	D:\New folder\Dropbox\conexion\conexion\bin\Debug\ib_util.dll library has not been found
	ib_util.dll library has not been found


RED2	Sun Oct 19 21:09:24 2014
	ib_util init failed, UDFs can't be used - looks like firebird misconfigured
	
	D:\New folder\Dropbox\conexion\conexion\bin\Debug\bin/ib_util.dll library has not been found
	D:\New folder\Dropbox\conexion\conexion\bin\Debug\ib_util.dll library has not been found
	ib_util.dll library has not been found


RED2	Sun Oct 19 21:10:24 2014
	ib_util init failed, UDFs can't be used - looks like firebird misconfigured
	
	D:\New folder\Dropbox\conexion\conexion\bin\Debug\bin/ib_util.dll library has not been found
	D:\New folder\Dropbox\conexion\conexion\bin\Debug\ib_util.dll library has not been found
	ib_util.dll library has not been found


RED2	Sun Oct 19 21:10:54 2014
	ib_util init failed, UDFs can't be used - looks like firebird misconfigured
	
	D:\New folder\Dropbox\conexion\conexion\bin\Debug\bin/ib_util.dll library has not been found
	D:\New folder\Dropbox\conexion\conexion\bin\Debug\ib_util.dll library has not been found
	ib_util.dll library has not been found


RED2	Sun Oct 19 21:12:39 2014
	ib_util init failed, UDFs can't be used - looks like firebird misconfigured
	
	D:\New folder\Dropbox\conexion\conexion\bin\Debug\bin/ib_util.dll library has not been found
	D:\New folder\Dropbox\conexion\conexion\bin\Debug\ib_util.dll library has not been found
	ib_util.dll library has not been found


RED2	Sun Oct 19 21:13:07 2014
	ib_util init failed, UDFs can't be used - looks like firebird misconfigured
	
	D:\New folder\Dropbox\conexion\conexion\bin\Debug\bin/ib_util.dll library has not been found
	D:\New folder\Dropbox\conexion\conexion\bin\Debug\ib_util.dll library has not been found
	ib_util.dll library has not been found


RED2	Sun Oct 19 21:13:50 2014
	ib_util init failed, UDFs can't be used - looks like firebird misconfigured
	
	D:\New folder\Dropbox\conexion\conexion\bin\Debug\bin/ib_util.dll library has not been found
	D:\New folder\Dropbox\conexion\conexion\bin\Debug\ib_util.dll library has not been found
	ib_util.dll library has not been found


RED2	Sun Oct 19 21:14:17 2014
	ib_util init failed, UDFs can't be used - looks like firebird misconfigured
	
	D:\New folder\Dropbox\conexion\conexion\bin\Debug\bin/ib_util.dll library has not been found
	D:\New folder\Dropbox\conexion\conexion\bin\Debug\ib_util.dll library has not been found
	ib_util.dll library has not been found


RED2	Sun Oct 19 21:14:38 2014
	ib_util init failed, UDFs can't be used - looks like firebird misconfigured
	
	D:\New folder\Dropbox\conexion\conexion\bin\Debug\bin/ib_util.dll library has not been found
	D:\New folder\Dropbox\conexion\conexion\bin\Debug\ib_util.dll library has not been found
	ib_util.dll library has not been found


RED2	Sun Oct 19 21:55:15 2014
	ib_util init failed, UDFs can't be used - looks like firebird misconfigured
	
	D:\New folder\Dropbox\conexion\conexion\bin\Debug\bin/ib_util.dll library has not been found
	D:\New folder\Dropbox\conexion\conexion\bin\Debug\ib_util.dll library has not been found
	ib_util.dll library has not been found


RED2	Sun Oct 19 21:59:30 2014
	ib_util init failed, UDFs can't be used - looks like firebird misconfigured
	
	D:\New folder\Dropbox\conexion\conexion\bin\Debug\bin/ib_util.dll library has not been found
	D:\New folder\Dropbox\conexion\conexion\bin\Debug\ib_util.dll library has not been found
	ib_util.dll library has not been found


RED2	Sun Oct 19 22:01:00 2014
	ib_util init failed, UDFs can't be used - looks like firebird misconfigured
	
	D:\New folder\Dropbox\conexion\conexion\bin\Debug\bin/ib_util.dll library has not been found
	D:\New folder\Dropbox\conexion\conexion\bin\Debug\ib_util.dll library has not been found
	ib_util.dll library has not been found


RED2	Sun Oct 19 22:04:33 2014
	ib_util init failed, UDFs can't be used - looks like firebird misconfigured
	
	D:\New folder\Dropbox\conexion\conexion\bin\Debug\bin/ib_util.dll library has not been found
	D:\New folder\Dropbox\conexion\conexion\bin\Debug\ib_util.dll library has not been found
	ib_util.dll library has not been found


RED2	Sun Oct 19 22:07:48 2014
	ib_util init failed, UDFs can't be used - looks like firebird misconfigured
	
	D:\New folder\Dropbox\conexion\conexion\bin\Debug\bin/ib_util.dll library has not been found
	D:\New folder\Dropbox\conexion\conexion\bin\Debug\ib_util.dll library has not been found
	ib_util.dll library has not been found


RED2	Sun Oct 19 22:12:47 2014
	ib_util init failed, UDFs can't be used - looks like firebird misconfigured
	
	D:\New folder\Dropbox\conexion\conexion\bin\Debug\bin/ib_util.dll library has not been found
	D:\New folder\Dropbox\conexion\conexion\bin\Debug\ib_util.dll library has not been found
	ib_util.dll library has not been found


RED2	Sun Oct 19 22:14:36 2014
	ib_util init failed, UDFs can't be used - looks like firebird misconfigured
	
	D:\New folder\Dropbox\conexion\conexion\bin\Debug\bin/ib_util.dll library has not been found
	D:\New folder\Dropbox\conexion\conexion\bin\Debug\ib_util.dll library has not been found
	ib_util.dll library has not been found


RED2	Sun Oct 19 22:15:38 2014
	ib_util init failed, UDFs can't be used - looks like firebird misconfigured
	
	D:\New folder\Dropbox\conexion\conexion\bin\Debug\bin/ib_util.dll library has not been found
	D:\New folder\Dropbox\conexion\conexion\bin\Debug\ib_util.dll library has not been found
	ib_util.dll library has not been found


RED2	Sun Oct 19 22:18:37 2014
	ib_util init failed, UDFs can't be used - looks like firebird misconfigured
	
	D:\New folder\Dropbox\conexion\conexion\bin\Debug\bin/ib_util.dll library has not been found
	D:\New folder\Dropbox\conexion\conexion\bin\Debug\ib_util.dll library has not been found
	ib_util.dll library has not been found


RED2	Sun Oct 19 22:29:21 2014
	ib_util init failed, UDFs can't be used - looks like firebird misconfigured
	
	D:\New folder\Dropbox\conexion\conexion\bin\Debug\bin/ib_util.dll library has not been found
	D:\New folder\Dropbox\conexion\conexion\bin\Debug\ib_util.dll library has not been found
	ib_util.dll library has not been found


RED2	Sun Oct 19 22:38:52 2014
	ib_util init failed, UDFs can't be used - looks like firebird misconfigured
	
	D:\New folder\Dropbox\conexion\conexion\bin\Debug\bin/ib_util.dll library has not been found
	D:\New folder\Dropbox\conexion\conexion\bin\Debug\ib_util.dll library has not been found
	ib_util.dll library has not been found


RED2	Sun Oct 19 22:40:04 2014
	ib_util init failed, UDFs can't be used - looks like firebird misconfigured
	
	D:\New folder\Dropbox\conexion\conexion\bin\Debug\bin/ib_util.dll library has not been found
	D:\New folder\Dropbox\conexion\conexion\bin\Debug\ib_util.dll library has not been found
	ib_util.dll library has not been found


RED2	Sun Oct 19 22:45:48 2014
	ib_util init failed, UDFs can't be used - looks like firebird misconfigured
	
	D:\New folder\Dropbox\conexion\conexion\bin\Debug\bin/ib_util.dll library has not been found
	D:\New folder\Dropbox\conexion\conexion\bin\Debug\ib_util.dll library has not been found
	ib_util.dll library has not been found


RED2	Sun Oct 19 22:55:07 2014
	ib_util init failed, UDFs can't be used - looks like firebird misconfigured
	
	D:\New folder\Dropbox\conexion\conexion\bin\Debug\bin/ib_util.dll library has not been found
	D:\New folder\Dropbox\conexion\conexion\bin\Debug\ib_util.dll library has not been found
	ib_util.dll library has not been found


RED2	Sun Oct 19 23:07:50 2014
	ib_util init failed, UDFs can't be used - looks like firebird misconfigured
	
	D:\New folder\Dropbox\conexion\conexion\bin\Debug\bin/ib_util.dll library has not been found
	D:\New folder\Dropbox\conexion\conexion\bin\Debug\ib_util.dll library has not been found
	ib_util.dll library has not been found


RED2	Sun Oct 19 23:18:57 2014
	ib_util init failed, UDFs can't be used - looks like firebird misconfigured
	
	D:\New folder\Dropbox\conexion\conexion\bin\Debug\bin/ib_util.dll library has not been found
	D:\New folder\Dropbox\conexion\conexion\bin\Debug\ib_util.dll library has not been found
	ib_util.dll library has not been found


RED2	Sun Oct 19 23:41:23 2014
	ib_util init failed, UDFs can't be used - looks like firebird misconfigured
	
	D:\New folder\Dropbox\conexion\conexion\bin\Debug\bin/ib_util.dll library has not been found
	D:\New folder\Dropbox\conexion\conexion\bin\Debug\ib_util.dll library has not been found
	ib_util.dll library has not been found


RED2	Mon Oct 20 13:50:36 2014
	ib_util init failed, UDFs can't be used - looks like firebird misconfigured
	
	D:\New folder\Dropbox\conexion\conexion\bin\Debug\bin/ib_util.dll library has not been found
	D:\New folder\Dropbox\conexion\conexion\bin\Debug\ib_util.dll library has not been found
	ib_util.dll library has not been found


RED2	Mon Oct 20 14:03:00 2014
	ib_util init failed, UDFs can't be used - looks like firebird misconfigured
	
	D:\New folder\Dropbox\conexion\conexion\bin\Debug\bin/ib_util.dll library has not been found
	D:\New folder\Dropbox\conexion\conexion\bin\Debug\ib_util.dll library has not been found
	ib_util.dll library has not been found


RED2	Mon Oct 20 14:17:58 2014
	ib_util init failed, UDFs can't be used - looks like firebird misconfigured
	
	D:\New folder\Dropbox\conexion\conexion\bin\Debug\bin/ib_util.dll library has not been found
	D:\New folder\Dropbox\conexion\conexion\bin\Debug\ib_util.dll library has not been found
	ib_util.dll library has not been found


RED2	Mon Oct 20 14:28:17 2014
	ib_util init failed, UDFs can't be used - looks like firebird misconfigured
	
	D:\New folder\Dropbox\conexion\conexion\bin\Debug\bin/ib_util.dll library has not been found
	D:\New folder\Dropbox\conexion\conexion\bin\Debug\ib_util.dll library has not been found
	ib_util.dll library has not been found


RED2	Tue Nov 04 22:08:59 2014
	ib_util init failed, UDFs can't be used - looks like firebird misconfigured
	
	D:\New folder\Dropbox\conexion\conexion\bin\Debug\bin/ib_util.dll library has not been found
	D:\New folder\Dropbox\conexion\conexion\bin\Debug\ib_util.dll library has not been found
	ib_util.dll library has not been found


RED2	Tue Nov 04 22:11:30 2014
	ib_util init failed, UDFs can't be used - looks like firebird misconfigured
	
	D:\New folder\Dropbox\conexion\conexion\bin\Debug\bin/ib_util.dll library has not been found
	D:\New folder\Dropbox\conexion\conexion\bin\Debug\ib_util.dll library has not been found
	ib_util.dll library has not been found


RED2	Tue Nov 04 22:16:49 2014
	ib_util init failed, UDFs can't be used - looks like firebird misconfigured
	
	D:\New folder\Dropbox\conexion\conexion\bin\Debug\bin/ib_util.dll library has not been found
	D:\New folder\Dropbox\conexion\conexion\bin\Debug\ib_util.dll library has not been found
	ib_util.dll library has not been found


RED2	Tue Nov 04 22:21:22 2014
	ib_util init failed, UDFs can't be used - looks like firebird misconfigured
	
	D:\New folder\Dropbox\conexion\conexion\bin\Debug\bin/ib_util.dll library has not been found
	D:\New folder\Dropbox\conexion\conexion\bin\Debug\ib_util.dll library has not been found
	ib_util.dll library has not been found


RED2	Tue Nov 04 22:23:58 2014
	ib_util init failed, UDFs can't be used - looks like firebird misconfigured
	
	D:\New folder\Dropbox\conexion\conexion\bin\Debug\bin/ib_util.dll library has not been found
	D:\New folder\Dropbox\conexion\conexion\bin\Debug\ib_util.dll library has not been found
	ib_util.dll library has not been found


RED2	Tue Nov 04 22:24:13 2014
	ib_util init failed, UDFs can't be used - looks like firebird misconfigured
	
	D:\New folder\Dropbox\conexion\conexion\bin\Debug\bin/ib_util.dll library has not been found
	D:\New folder\Dropbox\conexion\conexion\bin\Debug\ib_util.dll library has not been found
	ib_util.dll library has not been found


RED2	Tue Nov 04 22:31:30 2014
	ib_util init failed, UDFs can't be used - looks like firebird misconfigured
	
	D:\New folder\Dropbox\conexion\conexion\bin\Debug\bin/ib_util.dll library has not been found
	D:\New folder\Dropbox\conexion\conexion\bin\Debug\ib_util.dll library has not been found
	ib_util.dll library has not been found


RED2	Tue Nov 04 22:33:49 2014
	ib_util init failed, UDFs can't be used - looks like firebird misconfigured
	
	D:\New folder\Dropbox\conexion\conexion\bin\Debug\bin/ib_util.dll library has not been found
	D:\New folder\Dropbox\conexion\conexion\bin\Debug\ib_util.dll library has not been found
	ib_util.dll library has not been found


RED2	Tue Nov 04 22:35:43 2014
	ib_util init failed, UDFs can't be used - looks like firebird misconfigured
	
	D:\New folder\Dropbox\conexion\conexion\bin\Debug\bin/ib_util.dll library has not been found
	D:\New folder\Dropbox\conexion\conexion\bin\Debug\ib_util.dll library has not been found
	ib_util.dll library has not been found


RED2	Sat Nov 29 19:15:21 2014
	ib_util init failed, UDFs can't be used - looks like firebird misconfigured
	
	D:\New folder\Dropbox\conexion\conexion\bin\Debug\bin/ib_util.dll library has not been found
	D:\New folder\Dropbox\conexion\conexion\bin\Debug\ib_util.dll library has not been found
	ib_util.dll library has not been found


RED2	Sat Nov 29 19:18:54 2014
	ib_util init failed, UDFs can't be used - looks like firebird misconfigured
	
	D:\New folder\Dropbox\conexion\conexion\bin\Debug\bin/ib_util.dll library has not been found
	D:\New folder\Dropbox\conexion\conexion\bin\Debug\ib_util.dll library has not been found
	ib_util.dll library has not been found


RED2	Sat Nov 29 19:21:53 2014
	ib_util init failed, UDFs can't be used - looks like firebird misconfigured
	
	D:\New folder\Dropbox\conexion\conexion\bin\Debug\bin/ib_util.dll library has not been found
	D:\New folder\Dropbox\conexion\conexion\bin\Debug\ib_util.dll library has not been found
	ib_util.dll library has not been found


RED2	Sat Nov 29 19:24:57 2014
	ib_util init failed, UDFs can't be used - looks like firebird misconfigured
	
	D:\New folder\Dropbox\conexion\conexion\bin\Debug\bin/ib_util.dll library has not been found
	D:\New folder\Dropbox\conexion\conexion\bin\Debug\ib_util.dll library has not been found
	ib_util.dll library has not been found


RED2	Sat Nov 29 20:10:11 2014
	ib_util init failed, UDFs can't be used - looks like firebird misconfigured
	
	D:\New folder\Dropbox\conexion\conexion\bin\Debug\bin/ib_util.dll library has not been found
	D:\New folder\Dropbox\conexion\conexion\bin\Debug\ib_util.dll library has not been found
	ib_util.dll library has not been found


RED2	Sat Nov 29 20:34:59 2014
	ib_util init failed, UDFs can't be used - looks like firebird misconfigured
	
	D:\New folder\Dropbox\conexion\conexion\bin\Debug\bin/ib_util.dll library has not been found
	D:\New folder\Dropbox\conexion\conexion\bin\Debug\ib_util.dll library has not been found
	ib_util.dll library has not been found


RED2	Sat Nov 29 20:36:10 2014
	ib_util init failed, UDFs can't be used - looks like firebird misconfigured
	
	D:\New folder\Dropbox\conexion\conexion\bin\Debug\bin/ib_util.dll library has not been found
	D:\New folder\Dropbox\conexion\conexion\bin\Debug\ib_util.dll library has not been found
	ib_util.dll library has not been found


RED2	Sat Nov 29 21:02:24 2014
	ib_util init failed, UDFs can't be used - looks like firebird misconfigured
	
	D:\New folder\Dropbox\conexion\conexion\bin\Debug\bin/ib_util.dll library has not been found
	D:\New folder\Dropbox\conexion\conexion\bin\Debug\ib_util.dll library has not been found
	ib_util.dll library has not been found


RED2	Sat Nov 29 21:05:08 2014
	ib_util init failed, UDFs can't be used - looks like firebird misconfigured
	
	D:\New folder\Dropbox\conexion\conexion\bin\Debug\bin/ib_util.dll library has not been found
	D:\New folder\Dropbox\conexion\conexion\bin\Debug\ib_util.dll library has not been found
	ib_util.dll library has not been found


RED2	Sat Nov 29 21:09:39 2014
	ib_util init failed, UDFs can't be used - looks like firebird misconfigured
	
	D:\New folder\Dropbox\conexion\conexion\bin\Debug\bin/ib_util.dll library has not been found
	D:\New folder\Dropbox\conexion\conexion\bin\Debug\ib_util.dll library has not been found
	ib_util.dll library has not been found


RED2	Sat Nov 29 21:11:06 2014
	ib_util init failed, UDFs can't be used - looks like firebird misconfigured
	
	D:\New folder\Dropbox\conexion\conexion\bin\Debug\bin/ib_util.dll library has not been found
	D:\New folder\Dropbox\conexion\conexion\bin\Debug\ib_util.dll library has not been found
	ib_util.dll library has not been found


RED2	Sat Nov 29 21:12:15 2014
	ib_util init failed, UDFs can't be used - looks like firebird misconfigured
	
	D:\New folder\Dropbox\conexion\conexion\bin\Debug\bin/ib_util.dll library has not been found
	D:\New folder\Dropbox\conexion\conexion\bin\Debug\ib_util.dll library has not been found
	ib_util.dll library has not been found


RED2	Sat Nov 29 21:14:19 2014
	ib_util init failed, UDFs can't be used - looks like firebird misconfigured
	
	D:\New folder\Dropbox\conexion\conexion\bin\Debug\bin/ib_util.dll library has not been found
	D:\New folder\Dropbox\conexion\conexion\bin\Debug\ib_util.dll library has not been found
	ib_util.dll library has not been found


RED2	Sat Nov 29 21:15:51 2014
	ib_util init failed, UDFs can't be used - looks like firebird misconfigured
	
	D:\New folder\Dropbox\conexion\conexion\bin\Debug\bin/ib_util.dll library has not been found
	D:\New folder\Dropbox\conexion\conexion\bin\Debug\ib_util.dll library has not been found
	ib_util.dll library has not been found


RED2	Wed Dec 03 21:26:03 2014
	ib_util init failed, UDFs can't be used - looks like firebird misconfigured
	
	D:\New folder\Dropbox\conexion\conexion\bin\Debug\bin/ib_util.dll library has not been found
	D:\New folder\Dropbox\conexion\conexion\bin\Debug\ib_util.dll library has not been found
	ib_util.dll library has not been found


RED2	Wed Dec 03 21:27:40 2014
	ib_util init failed, UDFs can't be used - looks like firebird misconfigured
	
	D:\New folder\Dropbox\conexion\conexion\bin\Debug\bin/ib_util.dll library has not been found
	D:\New folder\Dropbox\conexion\conexion\bin\Debug\ib_util.dll library has not been found
	ib_util.dll library has not been found


RED2	Wed Dec 03 21:28:40 2014
	ib_util init failed, UDFs can't be used - looks like firebird misconfigured
	
	D:\New folder\Dropbox\conexion\conexion\bin\Debug\bin/ib_util.dll library has not been found
	D:\New folder\Dropbox\conexion\conexion\bin\Debug\ib_util.dll library has not been found
	ib_util.dll library has not been found


SLAMNETDEV03	Sat Dec 06 10:18:24 2014
	ib_util init failed, UDFs can't be used - looks like firebird misconfigured
	
	C:\Users\ahernandez\Downloads\conexion\conexion\conexion\bin\Debug\bin/ib_util.dll library has not been found
	C:\Users\ahernandez\Downloads\conexion\conexion\conexion\bin\Debug\ib_util.dll library has not been found
	ib_util.dll library has not been found


SLAMNETDEV03	Sat Dec 06 10:22:56 2014
	WNET/wnet_error: CreateFile errno = 53


SLAMNETDEV03	Sat Dec 06 10:23:10 2014
	WNET/wnet_error: CreateFile errno = 53


SLAMNETDEV03	Sat Dec 06 10:23:13 2014
	WNET/wnet_error: CreateFile errno = 53


SLAMNETDEV03	Sat Dec 06 10:23:15 2014
	WNET/wnet_error: CreateFile errno = 53


SLAMNETDEV03	Sat Dec 06 10:23:16 2014
	WNET/wnet_error: CreateFile errno = 53


SLAMNETDEV03	Sat Dec 06 10:23:17 2014
	WNET/wnet_error: CreateFile errno = 53


SLAMNETDEV03	Sat Dec 06 10:23:18 2014
	WNET/wnet_error: CreateFile errno = 53


SLAMNETDEV03	Sat Dec 06 10:23:19 2014
	WNET/wnet_error: CreateFile errno = 53


SLAMNETDEV03	Sat Dec 06 12:17:29 2014
	ib_util init failed, UDFs can't be used - looks like firebird misconfigured
	
	C:\Users\ahernandez\Downloads\conexion\conexion\conexion\bin\Debug\bin/ib_util.dll library has not been found
	C:\Users\ahernandez\Downloads\conexion\conexion\conexion\bin\Debug\ib_util.dll library has not been found
	ib_util.dll library has not been found


SLAMNETDEV03	Sat Dec 06 13:36:59 2014
	INET/INET_connect: gethostbyname (V) failed, error code = 11004


SLAMNETDEV03	Sat Dec 06 13:37:03 2014
	INET/INET_connect: gethostbyname (V) failed, error code = 11004


SLAMNETDEV03	Sat Dec 06 13:41:30 2014
	INET/INET_connect: gethostbyname (V) failed, error code = 11004


SLAMNETDEV03	Sat Dec 06 13:41:35 2014
	INET/INET_connect: gethostbyname (V) failed, error code = 11004


SLAMNETDEV03	Sat Dec 06 13:44:36 2014
	INET/INET_connect: gethostbyname (V) failed, error code = 11004


SLAMNETDEV03	Sat Dec 06 13:44:41 2014
	INET/INET_connect: gethostbyname (V) failed, error code = 11004


SLAMNETDEV03	Mon Dec 08 18:08:30 2014
	ib_util init failed, UDFs can't be used - looks like firebird misconfigured
	
	C:\Users\ahernandez\Downloads\conexion\conexion\conexion\bin\Debug\bin/ib_util.dll library has not been found
	C:\Users\ahernandez\Downloads\conexion\conexion\conexion\bin\Debug\ib_util.dll library has not been found
	ib_util.dll library has not been found


SLAMNETDEV03	Mon Dec 08 18:09:42 2014
	ib_util init failed, UDFs can't be used - looks like firebird misconfigured
	
	C:\Users\ahernandez\Downloads\conexion\conexion\conexion\bin\Debug\bin/ib_util.dll library has not been found
	C:\Users\ahernandez\Downloads\conexion\conexion\conexion\bin\Debug\ib_util.dll library has not been found
	ib_util.dll library has not been found


SLAMNETDEV03	Mon Dec 08 18:10:21 2014
	ib_util init failed, UDFs can't be used - looks like firebird misconfigured
	
	C:\Users\ahernandez\Downloads\conexion\conexion\conexion\bin\Debug\bin/ib_util.dll library has not been found
	C:\Users\ahernandez\Downloads\conexion\conexion\conexion\bin\Debug\ib_util.dll library has not been found
	ib_util.dll library has not been found


SLAMNETDEV03	Mon Dec 08 18:11:27 2014
	ib_util init failed, UDFs can't be used - looks like firebird misconfigured
	
	C:\Users\ahernandez\Downloads\conexion\conexion\conexion\bin\Debug\bin/ib_util.dll library has not been found
	C:\Users\ahernandez\Downloads\conexion\conexion\conexion\bin\Debug\ib_util.dll library has not been found
	ib_util.dll library has not been found


SLAMNETDEV03	Mon Dec 08 18:16:07 2014
	ib_util init failed, UDFs can't be used - looks like firebird misconfigured
	
	C:\Users\ahernandez\Downloads\conexion\conexion\conexion\bin\Debug\bin/ib_util.dll library has not been found
	C:\Users\ahernandez\Downloads\conexion\conexion\conexion\bin\Debug\ib_util.dll library has not been found
	ib_util.dll library has not been found


SLAMNETDEV03	Mon Dec 08 18:38:25 2014
	ib_util init failed, UDFs can't be used - looks like firebird misconfigured
	
	C:\Users\ahernandez\Downloads\conexion\conexion\conexion\bin\Debug\bin/ib_util.dll library has not been found
	C:\Users\ahernandez\Downloads\conexion\conexion\conexion\bin\Debug\ib_util.dll library has not been found
	ib_util.dll library has not been found


SLAMNETDEV03	Mon Dec 08 18:43:02 2014
	ib_util init failed, UDFs can't be used - looks like firebird misconfigured
	
	C:\Users\ahernandez\Downloads\conexion\conexion\conexion\bin\Debug\bin/ib_util.dll library has not been found
	C:\Users\ahernandez\Downloads\conexion\conexion\conexion\bin\Debug\ib_util.dll library has not been found
	ib_util.dll library has not been found


RED2	Mon Dec 08 22:06:09 2014
	ib_util init failed, UDFs can't be used - looks like firebird misconfigured
	
	D:\New folder\Dropbox\conexion\conexion\bin\Debug\bin/ib_util.dll library has not been found
	D:\New folder\Dropbox\conexion\conexion\bin\Debug\ib_util.dll library has not been found
	ib_util.dll library has not been found


RED2	Mon Dec 08 22:07:30 2014
	ib_util init failed, UDFs can't be used - looks like firebird misconfigured
	
	D:\New folder\Dropbox\conexion\conexion\bin\Debug\bin/ib_util.dll library has not been found
	D:\New folder\Dropbox\conexion\conexion\bin\Debug\ib_util.dll library has not been found
	ib_util.dll library has not been found


RED2	Mon Dec 08 22:09:47 2014
	ib_util init failed, UDFs can't be used - looks like firebird misconfigured
	
	D:\New folder\Dropbox\conexion\conexion\bin\Debug\bin/ib_util.dll library has not been found
	D:\New folder\Dropbox\conexion\conexion\bin\Debug\ib_util.dll library has not been found
	ib_util.dll library has not been found


RED2	Mon Dec 08 22:12:32 2014
	ib_util init failed, UDFs can't be used - looks like firebird misconfigured
	
	D:\New folder\Dropbox\conexion\conexion\bin\Debug\bin/ib_util.dll library has not been found
	D:\New folder\Dropbox\conexion\conexion\bin\Debug\ib_util.dll library has not been found
	ib_util.dll library has not been found


RED2	Mon Dec 08 22:13:31 2014
	ib_util init failed, UDFs can't be used - looks like firebird misconfigured
	
	D:\New folder\Dropbox\conexion\conexion\bin\Debug\bin/ib_util.dll library has not been found
	D:\New folder\Dropbox\conexion\conexion\bin\Debug\ib_util.dll library has not been found
	ib_util.dll library has not been found


RED2	Mon Dec 08 22:14:22 2014
	ib_util init failed, UDFs can't be used - looks like firebird misconfigured
	
	D:\New folder\Dropbox\conexion\conexion\bin\Debug\bin/ib_util.dll library has not been found
	D:\New folder\Dropbox\conexion\conexion\bin\Debug\ib_util.dll library has not been found
	ib_util.dll library has not been found


RED2	Mon Dec 08 22:16:02 2014
	ib_util init failed, UDFs can't be used - looks like firebird misconfigured
	
	D:\New folder\Dropbox\conexion\conexion\bin\Debug\bin/ib_util.dll library has not been found
	D:\New folder\Dropbox\conexion\conexion\bin\Debug\ib_util.dll library has not been found
	ib_util.dll library has not been found


RED2	Mon Dec 08 22:17:42 2014
	ib_util init failed, UDFs can't be used - looks like firebird misconfigured
	
	D:\New folder\Dropbox\conexion\conexion\bin\Debug\bin/ib_util.dll library has not been found
	D:\New folder\Dropbox\conexion\conexion\bin\Debug\ib_util.dll library has not been found
	ib_util.dll library has not been found


RED2	Mon Dec 08 22:20:59 2014
	ib_util init failed, UDFs can't be used - looks like firebird misconfigured
	
	D:\New folder\Dropbox\conexion\conexion\bin\Debug\bin/ib_util.dll library has not been found
	D:\New folder\Dropbox\conexion\conexion\bin\Debug\ib_util.dll library has not been found
	ib_util.dll library has not been found


RED2	Mon Dec 08 22:25:05 2014
	ib_util init failed, UDFs can't be used - looks like firebird misconfigured
	
	D:\New folder\Dropbox\conexion\conexion\bin\Debug\bin/ib_util.dll library has not been found
	D:\New folder\Dropbox\conexion\conexion\bin\Debug\ib_util.dll library has not been found
	ib_util.dll library has not been found


RED2	Mon Dec 08 22:26:22 2014
	ib_util init failed, UDFs can't be used - looks like firebird misconfigured
	
	D:\New folder\Dropbox\conexion\conexion\bin\Debug\bin/ib_util.dll library has not been found
	D:\New folder\Dropbox\conexion\conexion\bin\Debug\ib_util.dll library has not been found
	ib_util.dll library has not been found


RED2	Wed Dec 10 21:04:07 2014
	ib_util init failed, UDFs can't be used - looks like firebird misconfigured
	
	D:\New folder\Dropbox\conexion\conexion\bin\Debug\bin/ib_util.dll library has not been found
	D:\New folder\Dropbox\conexion\conexion\bin\Debug\ib_util.dll library has not been found
	ib_util.dll library has not been found


RED2	Wed Dec 10 21:54:54 2014
	WNET/wnet_error: CreateFile errno = 2


RED2	Wed Dec 10 22:01:42 2014
	WNET/wnet_error: CreateFile errno = 2


RED2	Wed Dec 10 22:02:04 2014
	WNET/wnet_error: CreateFile errno = 2


RED2	Wed Dec 10 22:04:55 2014
	WNET/wnet_error: CreateFile errno = 2


RED2	Wed Dec 10 22:09:10 2014
	WNET/wnet_error: CreateFile errno = 2


RED2	Wed Dec 10 22:18:13 2014
	WNET/wnet_error: CreateFile errno = 2


RED2	Wed Dec 10 22:21:20 2014
	WNET/wnet_error: CreateFile errno = 2


RED2	Wed Dec 10 22:21:33 2014
	WNET/wnet_error: CreateFile errno = 2


RED2	Wed Dec 10 22:21:48 2014
	ib_util init failed, UDFs can't be used - looks like firebird misconfigured
	
	D:\New folder\Dropbox\conexion\conexion\bin\Debug\bin/ib_util.dll library has not been found
	D:\New folder\Dropbox\conexion\conexion\bin\Debug\ib_util.dll library has not been found
	ib_util.dll library has not been found


RED2	Wed Dec 10 22:22:59 2014
	ib_util init failed, UDFs can't be used - looks like firebird misconfigured
	
	D:\New folder\Dropbox\conexion\conexion\bin\Debug\bin/ib_util.dll library has not been found
	D:\New folder\Dropbox\conexion\conexion\bin\Debug\ib_util.dll library has not been found
	ib_util.dll library has not been found


RED2	Wed Dec 10 22:23:17 2014
	WNET/wnet_error: CreateFile errno = 2


RED2	Wed Dec 10 22:23:35 2014
	WNET/wnet_error: CreateFile errno = 2


RED2	Wed Dec 10 22:23:54 2014
	WNET/wnet_error: CreateFile errno = 2


RED2	Wed Dec 10 22:50:55 2014
	WNET/wnet_error: CreateFile errno = 2


RED2	Wed Dec 10 22:52:10 2014
	ib_util init failed, UDFs can't be used - looks like firebird misconfigured
	
	D:\New folder\Dropbox\conexion\conexion\bin\Debug\bin/ib_util.dll library has not been found
	D:\New folder\Dropbox\conexion\conexion\bin\Debug\ib_util.dll library has not been found
	ib_util.dll library has not been found


RED2	Wed Dec 10 22:52:24 2014
	ib_util init failed, UDFs can't be used - looks like firebird misconfigured
	
	D:\New folder\Dropbox\conexion\conexion\bin\Debug\bin/ib_util.dll library has not been found
	D:\New folder\Dropbox\conexion\conexion\bin\Debug\ib_util.dll library has not been found
	ib_util.dll library has not been found


RED2	Wed Dec 10 22:52:50 2014
	ib_util init failed, UDFs can't be used - looks like firebird misconfigured
	
	D:\New folder\Dropbox\conexion\conexion\bin\Debug\bin/ib_util.dll library has not been found
	D:\New folder\Dropbox\conexion\conexion\bin\Debug\ib_util.dll library has not been found
	ib_util.dll library has not been found


RED2	Wed Dec 10 22:53:12 2014
	WNET/wnet_error: CreateFile errno = 2


RED2	Wed Dec 10 22:58:39 2014
	ib_util init failed, UDFs can't be used - looks like firebird misconfigured
	
	D:\New folder\Dropbox\conexion\conexion\bin\Debug\bin/ib_util.dll library has not been found
	D:\New folder\Dropbox\conexion\conexion\bin\Debug\ib_util.dll library has not been found
	ib_util.dll library has not been found


RED2	Wed Dec 10 22:59:09 2014
	ib_util init failed, UDFs can't be used - looks like firebird misconfigured
	
	D:\New folder\Dropbox\conexion\conexion\bin\Debug\bin/ib_util.dll library has not been found
	D:\New folder\Dropbox\conexion\conexion\bin\Debug\ib_util.dll library has not been found
	ib_util.dll library has not been found


RED2	Wed Dec 10 22:59:30 2014
	WNET/wnet_error: CreateFile errno = 2


RED2	Wed Dec 10 23:10:17 2014
	WNET/wnet_error: CreateFile errno = 2


RED2	Wed Dec 10 23:10:36 2014
	WNET/wnet_error: CreateFile errno = 2


RED2	Wed Dec 10 23:15:58 2014
	ib_util init failed, UDFs can't be used - looks like firebird misconfigured
	
	D:\New folder\Dropbox\conexion\conexion\bin\Debug\bin/ib_util.dll library has not been found
	D:\New folder\Dropbox\conexion\conexion\bin\Debug\ib_util.dll library has not been found
	ib_util.dll library has not been found


RED2	Wed Dec 10 23:17:43 2014
	ib_util init failed, UDFs can't be used - looks like firebird misconfigured
	
	D:\New folder\Dropbox\conexion\conexion\bin\Debug\bin/ib_util.dll library has not been found
	D:\New folder\Dropbox\conexion\conexion\bin\Debug\ib_util.dll library has not been found
	ib_util.dll library has not been found


RED2	Wed Dec 10 23:23:50 2014
	ib_util init failed, UDFs can't be used - looks like firebird misconfigured
	
	D:\New folder\Dropbox\conexion\conexion\bin\Debug\bin/ib_util.dll library has not been found
	D:\New folder\Dropbox\conexion\conexion\bin\Debug\ib_util.dll library has not been found
	ib_util.dll library has not been found


RED2	Wed Dec 10 23:24:09 2014
	WNET/wnet_error: CreateFile errno = 64

